[2026-05-13 22:37:22] ============================================================
[2026-05-13 22:37:22] Stage2 YOLO Training 开始
[2026-05-13 22:37:22] ============================================================
[2026-05-13 22:37:22] DATA_YAML: /mnt/data/rfuav/yolo_dataset/dataset.yaml
[2026-05-13 22:37:22] OUTPUT_DIR: /mnt/data/rfuav/rfuav_training/yolo_stage1_v2
[2026-05-13 22:37:22] EPOCHS: 300 (patience=20)
[2026-05-13 22:37:22] BATCH_SIZE: 16
[2026-05-13 22:37:22] Train images: 10051, Val images: 2607
[2026-05-13 22:37:22] 开始训练...
[2026-05-13 22:37:22] ERROR: Training failed code=1
[2026-05-13 22:38:28] ============================================================
[2026-05-13 22:38:28] Stage2 YOLO Training 开始
[2026-05-13 22:38:28] ============================================================
[2026-05-13 22:38:28] DATA_YAML: /mnt/data/rfuav/yolo_dataset/dataset.yaml
[2026-05-13 22:38:28] OUTPUT_DIR: /mnt/data/rfuav/rfuav_training/yolo_stage1_v2
[2026-05-13 22:38:28] EPOCHS: 300 (patience=20)
[2026-05-13 22:38:28] BATCH_SIZE: 16
[2026-05-13 22:38:28] Train images: 10051, Val images: 2607
[2026-05-13 22:38:28] 开始训练...
[2026-05-14 00:11:23] ERROR: Training failed code=1
