[2026-05-14 01:13:46] ============================================================
[2026-05-14 01:13:46] Stage4 ResNet152 训练开始
[2026-05-14 01:13:46] ============================================================
[2026-05-14 01:13:46] Epochs: 100, Batch: 32, LR: 0.001
[2026-05-14 01:13:46] Classes: ['DAUTEL EVO NANO', 'DEVENTION DEVO', 'DJI AVATA2', 'DJI FPV COMBO', 'DJI MAVIC3 PRO', 'DJI MINI3.1', 'DJI MINI4 PRO']
[2026-05-14 01:13:46] Device: cuda:0
[2026-05-14 01:13:46] train: 7939 samples
[2026-05-14 01:13:46] val: 519 samples
[2026-05-14 01:13:46] Train batches: 249, Val batches: 17
[2026-05-14 01:15:08] Epoch 1/100: train_acc=79.96%, val_acc=77.46%, lr=0.001000
[2026-05-14 01:15:08]   -> New best! saved best.pt
[2026-05-14 01:16:09] Epoch 2/100: train_acc=87.01%, val_acc=85.16%, lr=0.000999
[2026-05-14 01:16:09]   -> New best! saved best.pt
[2026-05-14 01:17:10] Epoch 3/100: train_acc=90.92%, val_acc=87.86%, lr=0.000998
[2026-05-14 01:17:11]   -> New best! saved best.pt
[2026-05-14 01:18:11] Epoch 4/100: train_acc=92.88%, val_acc=91.14%, lr=0.000996
[2026-05-14 01:18:12]   -> New best! saved best.pt
[2026-05-14 01:19:13] Epoch 5/100: train_acc=93.36%, val_acc=97.88%, lr=0.000994
[2026-05-14 01:19:13]   -> New best! saved best.pt
[2026-05-14 01:20:14] Epoch 6/100: train_acc=94.57%, val_acc=93.26%, lr=0.000991
[2026-05-14 01:21:15] Epoch 7/100: train_acc=93.41%, val_acc=99.61%, lr=0.000988
[2026-05-14 01:21:16]   -> New best! saved best.pt
[2026-05-14 01:22:16] Epoch 8/100: train_acc=94.82%, val_acc=78.81%, lr=0.000984
[2026-05-14 01:23:17] Epoch 9/100: train_acc=95.47%, val_acc=92.87%, lr=0.000980
[2026-05-14 01:24:18] Epoch 10/100: train_acc=95.05%, val_acc=99.42%, lr=0.000976
[2026-05-14 01:25:18] Epoch 11/100: train_acc=95.25%, val_acc=97.69%, lr=0.000970
[2026-05-14 01:26:19] Epoch 12/100: train_acc=95.20%, val_acc=90.56%, lr=0.000965
[2026-05-14 01:27:19] Epoch 13/100: train_acc=94.50%, val_acc=96.92%, lr=0.000959
[2026-05-14 01:28:20] Epoch 14/100: train_acc=96.07%, val_acc=89.98%, lr=0.000952
[2026-05-14 01:29:21] Epoch 15/100: train_acc=95.38%, val_acc=95.18%, lr=0.000946
[2026-05-14 01:30:21] Epoch 16/100: train_acc=96.18%, val_acc=97.50%, lr=0.000938
[2026-05-14 01:31:22] Epoch 17/100: train_acc=96.89%, val_acc=98.65%, lr=0.000930
[2026-05-14 01:32:22] Epoch 18/100: train_acc=96.60%, val_acc=88.44%, lr=0.000922
[2026-05-14 01:33:23] Epoch 19/100: train_acc=97.66%, val_acc=99.81%, lr=0.000914
[2026-05-14 01:33:24]   -> New best! saved best.pt
[2026-05-14 01:34:24] Epoch 20/100: train_acc=97.48%, val_acc=91.91%, lr=0.000905
[2026-05-14 01:35:25] Epoch 21/100: train_acc=97.28%, val_acc=93.06%, lr=0.000895
[2026-05-14 01:36:26] Epoch 22/100: train_acc=97.69%, val_acc=89.79%, lr=0.000885
[2026-05-14 01:37:27] Epoch 23/100: train_acc=97.34%, val_acc=97.30%, lr=0.000875
[2026-05-14 01:38:27] Epoch 24/100: train_acc=97.61%, val_acc=82.08%, lr=0.000864
[2026-05-14 01:39:28] Epoch 25/100: train_acc=96.88%, val_acc=95.95%, lr=0.000854
[2026-05-14 01:40:28] Epoch 26/100: train_acc=96.41%, val_acc=99.61%, lr=0.000842
[2026-05-14 01:41:29] Epoch 27/100: train_acc=97.33%, val_acc=99.61%, lr=0.000831
[2026-05-14 01:42:29] Epoch 28/100: train_acc=97.43%, val_acc=99.23%, lr=0.000819
[2026-05-14 01:43:30] Epoch 29/100: train_acc=97.90%, val_acc=98.65%, lr=0.000806
[2026-05-14 01:44:30] Epoch 30/100: train_acc=97.86%, val_acc=93.06%, lr=0.000794
[2026-05-14 01:45:31] Epoch 31/100: train_acc=96.21%, val_acc=99.81%, lr=0.000781
[2026-05-14 01:46:31] Epoch 32/100: train_acc=97.44%, val_acc=98.46%, lr=0.000768
[2026-05-14 01:47:32] Epoch 33/100: train_acc=97.69%, val_acc=99.61%, lr=0.000755
[2026-05-14 01:48:32] Epoch 34/100: train_acc=98.14%, val_acc=99.81%, lr=0.000741
[2026-05-14 01:49:33] Epoch 35/100: train_acc=98.02%, val_acc=100.00%, lr=0.000727
[2026-05-14 01:49:34]   -> New best! saved best.pt
[2026-05-14 01:50:34] Epoch 36/100: train_acc=97.97%, val_acc=97.88%, lr=0.000713
[2026-05-14 01:51:35] Epoch 37/100: train_acc=97.59%, val_acc=99.81%, lr=0.000699
[2026-05-14 01:52:35] Epoch 38/100: train_acc=98.00%, val_acc=89.21%, lr=0.000684
[2026-05-14 01:53:36] Epoch 39/100: train_acc=98.02%, val_acc=99.42%, lr=0.000669
[2026-05-14 01:54:36] Epoch 40/100: train_acc=98.39%, val_acc=99.23%, lr=0.000655
[2026-05-14 01:55:37] Epoch 41/100: train_acc=98.35%, val_acc=99.23%, lr=0.000639
[2026-05-14 01:56:37] Epoch 42/100: train_acc=97.69%, val_acc=91.33%, lr=0.000624
[2026-05-14 01:57:38] Epoch 43/100: train_acc=97.88%, val_acc=99.42%, lr=0.000609
[2026-05-14 01:58:38] Epoch 44/100: train_acc=98.41%, val_acc=99.81%, lr=0.000594
[2026-05-14 01:59:38] Epoch 45/100: train_acc=98.63%, val_acc=96.34%, lr=0.000578
[2026-05-14 02:00:39] Epoch 46/100: train_acc=98.66%, val_acc=94.99%, lr=0.000563
[2026-05-14 02:01:39] Epoch 47/100: train_acc=98.25%, val_acc=99.61%, lr=0.000547
[2026-05-14 02:02:40] Epoch 48/100: train_acc=98.39%, val_acc=99.81%, lr=0.000531
[2026-05-14 02:03:40] Epoch 49/100: train_acc=98.70%, val_acc=95.95%, lr=0.000516
[2026-05-14 02:04:41] Epoch 50/100: train_acc=98.65%, val_acc=100.00%, lr=0.000500
[2026-05-14 02:05:41] Epoch 51/100: train_acc=98.74%, val_acc=99.61%, lr=0.000484
[2026-05-14 02:06:41] Epoch 52/100: train_acc=98.83%, val_acc=99.81%, lr=0.000469
[2026-05-14 02:07:42] Epoch 53/100: train_acc=98.90%, val_acc=99.81%, lr=0.000453
[2026-05-14 02:08:42] Epoch 54/100: train_acc=98.77%, val_acc=98.46%, lr=0.000437
[2026-05-14 02:09:43] Epoch 55/100: train_acc=98.87%, val_acc=99.04%, lr=0.000422
[2026-05-14 02:10:43] Epoch 56/100: train_acc=98.73%, val_acc=100.00%, lr=0.000406
[2026-05-14 02:11:44] Epoch 57/100: train_acc=98.89%, val_acc=99.42%, lr=0.000391
[2026-05-14 02:12:44] Epoch 58/100: train_acc=98.88%, val_acc=100.00%, lr=0.000376
[2026-05-14 02:13:45] Epoch 59/100: train_acc=98.94%, val_acc=100.00%, lr=0.000361
[2026-05-14 02:14:45] Epoch 60/100: train_acc=98.98%, val_acc=100.00%, lr=0.000345
[2026-05-14 02:15:45] Epoch 61/100: train_acc=98.84%, val_acc=99.61%, lr=0.000331
[2026-05-14 02:16:46] Epoch 62/100: train_acc=99.13%, val_acc=100.00%, lr=0.000316
[2026-05-14 02:17:46] Epoch 63/100: train_acc=98.77%, val_acc=100.00%, lr=0.000301
[2026-05-14 02:18:47] Epoch 64/100: train_acc=98.85%, val_acc=99.81%, lr=0.000287
[2026-05-14 02:19:47] Epoch 65/100: train_acc=99.13%, val_acc=100.00%, lr=0.000273
[2026-05-14 02:20:47] Epoch 66/100: train_acc=98.94%, val_acc=97.30%, lr=0.000259
[2026-05-14 02:21:48] Epoch 67/100: train_acc=99.14%, val_acc=100.00%, lr=0.000245
[2026-05-14 02:22:48] Epoch 68/100: train_acc=99.06%, val_acc=100.00%, lr=0.000232
[2026-05-14 02:23:49] Epoch 69/100: train_acc=99.16%, val_acc=100.00%, lr=0.000219
[2026-05-14 02:24:49] Epoch 70/100: train_acc=99.11%, val_acc=99.81%, lr=0.000206
[2026-05-14 02:25:49] Epoch 71/100: train_acc=99.29%, val_acc=100.00%, lr=0.000194
[2026-05-14 02:26:50] Epoch 72/100: train_acc=99.12%, val_acc=100.00%, lr=0.000181
[2026-05-14 02:27:50] Epoch 73/100: train_acc=99.26%, val_acc=100.00%, lr=0.000169
[2026-05-14 02:28:51] Epoch 74/100: train_acc=99.18%, val_acc=99.61%, lr=0.000158
[2026-05-14 02:29:51] Epoch 75/100: train_acc=99.23%, val_acc=99.81%, lr=0.000146
[2026-05-14 02:30:52] Epoch 76/100: train_acc=99.14%, val_acc=99.81%, lr=0.000136
[2026-05-14 02:31:52] Epoch 77/100: train_acc=99.31%, val_acc=100.00%, lr=0.000125
[2026-05-14 02:32:53] Epoch 78/100: train_acc=99.14%, val_acc=99.81%, lr=0.000115
[2026-05-14 02:33:53] Epoch 79/100: train_acc=99.32%, val_acc=100.00%, lr=0.000105
[2026-05-14 02:34:53] Epoch 80/100: train_acc=99.32%, val_acc=99.81%, lr=0.000095
[2026-05-14 02:35:54] Epoch 81/100: train_acc=99.22%, val_acc=100.00%, lr=0.000086
[2026-05-14 02:36:54] Epoch 82/100: train_acc=99.43%, val_acc=100.00%, lr=0.000078
[2026-05-14 02:37:55] Epoch 83/100: train_acc=99.43%, val_acc=100.00%, lr=0.000070
[2026-05-14 02:38:55] Epoch 84/100: train_acc=99.26%, val_acc=100.00%, lr=0.000062
[2026-05-14 02:39:56] Epoch 85/100: train_acc=99.48%, val_acc=100.00%, lr=0.000054
[2026-05-14 02:40:56] Epoch 86/100: train_acc=99.47%, val_acc=100.00%, lr=0.000048
[2026-05-14 02:41:56] Epoch 87/100: train_acc=99.33%, val_acc=100.00%, lr=0.000041
[2026-05-14 02:42:57] Epoch 88/100: train_acc=99.24%, val_acc=100.00%, lr=0.000035
[2026-05-14 02:43:57] Epoch 89/100: train_acc=99.28%, val_acc=100.00%, lr=0.000030
[2026-05-14 02:44:58] Epoch 90/100: train_acc=99.32%, val_acc=100.00%, lr=0.000024
[2026-05-14 02:45:58] Epoch 91/100: train_acc=99.21%, val_acc=100.00%, lr=0.000020
[2026-05-14 02:46:58] Epoch 92/100: train_acc=99.35%, val_acc=100.00%, lr=0.000016
[2026-05-14 02:47:59] Epoch 93/100: train_acc=99.36%, val_acc=100.00%, lr=0.000012
[2026-05-14 02:48:59] Epoch 94/100: train_acc=99.52%, val_acc=100.00%, lr=0.000009
[2026-05-14 02:50:00] Epoch 95/100: train_acc=99.41%, val_acc=100.00%, lr=0.000006
[2026-05-14 02:51:00] Epoch 96/100: train_acc=99.23%, val_acc=100.00%, lr=0.000004
[2026-05-14 02:52:00] Epoch 97/100: train_acc=99.47%, val_acc=100.00%, lr=0.000002
[2026-05-14 02:53:01] Epoch 98/100: train_acc=99.47%, val_acc=100.00%, lr=0.000001
[2026-05-14 02:54:01] Epoch 99/100: train_acc=99.35%, val_acc=100.00%, lr=0.000000
[2026-05-14 02:55:02] Epoch 100/100: train_acc=99.35%, val_acc=100.00%, lr=0.000000
[2026-05-14 02:55:02] Training complete! Best val_acc: 100.00% at epoch 35
[2026-05-14 02:55:02] Exporting to ONNX...
[2026-05-14 02:55:06] ONNX exported: /mnt/data/rfuav/rfuav_training/resnet152_v1/best.onnx
[2026-05-14 02:55:06] Stage4 完成
