[2026-05-14 01:05:54] ============================================================
[2026-05-14 01:05:54] Stage3: 分类数据准备 开始
[2026-05-14 01:05:54] ============================================================
[2026-05-14 01:05:54] Train images: 10051, Val images: 2607
[2026-05-14 01:05:54] 处理 train (10051)...
[2026-05-14 01:06:38] 处理 val (2607)...
[2026-05-14 01:06:41] 完成！生成 8562 张分类图片
[2026-05-14 01:06:41] 类别分布: {'DJI FPV COMBO': 8562}
[2026-05-14 01:06:41] 错误数: 0
[2026-05-14 01:06:41] Stage3 完成
[2026-05-14 01:10:55] ============================================================
[2026-05-14 01:10:55] Stage3: 分类数据准备 开始
[2026-05-14 01:10:55] ============================================================
[2026-05-14 01:10:56] Train images: 10051, Val images: 2607
[2026-05-14 01:10:56] 处理 train (8040/10051)...
[2026-05-14 01:11:37] 处理 val (522/2607)...
[2026-05-14 01:11:40] 完成！生成 8458 张分类图片
[2026-05-14 01:11:40] 类别分布: {'DAUTEL EVO NANO': 796, 'DEVENTION DEVO': 359, 'DJI AVATA2': 2726, 'DJI FPV COMBO': 2026, 'DJI MAVIC3 PRO': 1184, 'DJI MINI3.1': 681, 'DJI MINI4 PRO': 686}
[2026-05-14 01:11:40] 错误数: 0
[2026-05-14 01:11:40] Stage3 完成
